SF:lib\main.dart
DA:10,0
DA:13,2
DA:15,1
DA:16,1
DA:20,1
DA:22,1
DA:23,1
DA:24,3
DA:25,3
DA:27,1
DA:30,1
DA:46,1
DA:47,3
DA:53,1
DA:54,1
DA:55,1
LF:16
LH:15
end_of_record
SF:lib\models\song_model.dart
DA:10,1
DA:21,3
DA:22,1
DA:28,1
DA:34,1
DA:43,1
DA:44,2
DA:47,1
DA:48,5
LF:9
LH:9
end_of_record
SF:lib\screens\playlist_screens\playlist_screen.dart
DA:7,1
DA:11,1
DA:12,1
DA:17,1
DA:19,3
DA:20,2
DA:22,1
DA:23,1
DA:24,1
DA:27,1
DA:28,2
DA:29,2
DA:33,1
DA:35,1
DA:41,1
DA:42,1
DA:44,1
DA:45,1
DA:46,1
DA:51,1
DA:62,1
DA:65,1
DA:69,1
DA:71,1
DA:74,3
DA:75,1
DA:76,1
DA:77,1
DA:78,2
DA:79,1
DA:80,1
DA:81,1
DA:82,1
DA:84,1
DA:85,4
DA:86,1
DA:87,1
DA:88,1
DA:89,1
DA:91,6
DA:100,1
DA:102,0
DA:104,1
DA:105,1
DA:110,1
DA:112,3
DA:113,1
DA:114,0
DA:115,0
DA:116,0
DA:119,1
DA:122,1
DA:124,1
DA:126,1
DA:127,1
DA:128,1
DA:130,1
DA:131,1
DA:133,1
DA:134,1
DA:135,1
DA:136,1
DA:140,1
DA:141,1
DA:142,1
DA:143,1
DA:145,1
DA:146,1
DA:147,1
DA:149,1
DA:150,1
DA:157,1
DA:159,1
DA:164,1
DA:165,1
DA:167,1
DA:168,1
DA:170,1
DA:171,1
DA:174,1
DA:176,1
DA:191,1
DA:194,1
DA:198,1
DA:200,1
DA:201,1
DA:202,1
DA:203,1
DA:204,1
DA:205,2
DA:206,4
DA:207,4
DA:214,1
DA:215,2
DA:216,1
DA:217,1
DA:218,1
DA:219,1
LF:98
LH:94
end_of_record
SF:lib\screens\song_screeens\song_screen.dart
DA:13,1
DA:17,1
DA:18,1
DA:25,1
DA:29,1
DA:30,2
DA:32,1
DA:34,3
DA:35,2
DA:36,1
DA:37,1
DA:42,1
DA:44,1
DA:45,1
DA:46,1
DA:50,1
DA:52,1
DA:55,1
DA:56,1
DA:57,1
DA:58,4
DA:61,1
DA:62,1
DA:64,4
DA:67,2
DA:78,1
DA:80,0
DA:82,1
DA:84,1
DA:85,1
DA:86,1
DA:89,1
DA:91,1
DA:92,1
DA:98,1
DA:101,1
DA:102,1
DA:103,1
DA:106,1
DA:107,1
DA:108,1
LF:41
LH:40
end_of_record
SF:lib\screens\home_screens\home_screen.dart
DA:10,1
DA:12,1
DA:13,1
DA:19,1
DA:21,1
DA:22,1
DA:23,1
DA:24,1
DA:25,1
DA:28,1
DA:29,2
DA:30,2
DA:34,1
DA:38,1
DA:39,1
DA:40,1
DA:42,2
DA:43,2
DA:53,1
DA:56,1
DA:60,1
DA:62,1
DA:64,1
DA:65,1
DA:66,1
DA:68,1
DA:72,2
DA:73,1
DA:74,3
DA:84,1
DA:87,1
DA:91,1
DA:93,1
DA:95,1
DA:96,1
DA:104,1
DA:105,1
DA:106,4
DA:107,1
DA:109,2
DA:110,1
DA:111,3
DA:122,2
DA:124,0
DA:126,1
DA:128,1
DA:130,1
DA:132,1
DA:133,4
DA:134,1
DA:136,1
DA:137,1
DA:138,1
DA:139,1
DA:144,1
DA:145,1
DA:146,1
DA:151,1
DA:152,1
DA:153,1
DA:154,2
DA:155,2
DA:156,1
DA:157,1
DA:168,2
DA:170,0
DA:172,1
DA:174,1
DA:176,1
DA:204,2
DA:206,0
DA:208,1
DA:210,1
DA:214,1
DA:215,1
DA:226,1
LF:76
LH:73
end_of_record
SF:lib\models\playlist_model.dart
DA:10,1
DA:78,1
DA:79,2
DA:82,1
DA:83,5
LF:5
LH:5
end_of_record
SF:lib\widgets\playlist_card.dart
DA:11,1
DA:14,1
DA:18,1
DA:20,1
DA:21,1
DA:22,4
DA:24,1
DA:28,1
DA:29,2
DA:30,1
DA:32,1
DA:34,1
DA:35,1
DA:36,1
DA:37,1
DA:38,2
DA:47,1
DA:48,1
DA:51,1
DA:52,1
DA:53,2
DA:54,1
DA:55,1
DA:56,1
DA:57,1
DA:59,1
DA:60,4
DA:62,1
DA:63,1
DA:64,1
DA:65,1
DA:70,1
DA:71,0
LF:33
LH:32
end_of_record
SF:lib\widgets\section_header.dart
DA:4,2
DA:8,0
DA:13,1
DA:15,1
DA:17,1
DA:18,1
DA:19,1
DA:20,1
DA:21,1
DA:22,1
DA:23,1
DA:25,1
DA:26,1
DA:27,1
DA:28,1
DA:29,1
DA:30,1
LF:17
LH:16
end_of_record
SF:lib\widgets\song_card.dart
DA:8,1
DA:11,1
DA:15,1
DA:17,1
DA:18,1
DA:19,4
DA:21,1
DA:24,1
DA:26,1
DA:27,1
DA:28,4
DA:29,1
DA:30,1
DA:31,1
DA:32,1
DA:33,2
DA:39,1
DA:41,4
DA:43,1
DA:44,1
DA:45,1
DA:47,1
DA:49,1
DA:50,1
DA:53,1
DA:54,1
DA:55,2
DA:56,4
DA:61,1
DA:62,2
DA:63,4
LF:31
LH:31
end_of_record
SF:lib\widgets\audio_file.dart
DA:10,1
DA:16,1
DA:17,1
DA:33,1
DA:37,1
DA:38,4
DA:39,0
DA:40,0
DA:43,4
DA:44,0
DA:45,0
DA:49,6
DA:50,4
DA:51,0
DA:52,0
DA:53,0
DA:54,0
DA:56,0
DA:57,0
DA:63,1
DA:64,1
DA:66,2
DA:67,1
DA:68,2
DA:70,0
DA:71,0
DA:74,0
DA:75,0
DA:76,0
DA:77,0
DA:78,0
DA:80,0
DA:81,0
DA:82,0
DA:83,0
DA:90,1
DA:91,1
DA:94,0
DA:95,0
DA:100,1
DA:101,1
DA:104,0
DA:105,0
DA:110,1
DA:111,1
DA:114,0
DA:118,1
DA:119,1
DA:122,1
DA:123,0
DA:124,0
DA:125,0
DA:126,0
DA:127,0
DA:128,0
DA:130,0
DA:131,0
DA:132,0
DA:133,0
DA:139,1
DA:140,1
DA:141,1
DA:142,1
DA:145,1
DA:147,1
DA:148,1
DA:149,1
DA:153,1
DA:155,1
DA:156,1
DA:157,1
DA:164,1
DA:165,1
DA:168,3
DA:170,3
DA:171,0
DA:172,0
DA:173,0
DA:180,1
DA:182,1
DA:183,1
DA:185,1
DA:187,1
DA:189,1
DA:190,1
DA:191,4
DA:194,1
DA:195,4
DA:200,1
DA:201,1
DA:206,0
DA:207,0
DA:208,0
LF:93
LH:51
end_of_record
